java.nio.file.InvalidPathException: Illegal char <:> at index 19: ch.unibas.cs.gravis:scalismo-ui:0.92.0
  java.base@17.0.6/sun.nio.fs.WindowsPathParser.normalize(WindowsPathParser.java:182)
  java.base@17.0.6/sun.nio.fs.WindowsPathParser.parse(WindowsPathParser.java:153)
  java.base@17.0.6/sun.nio.fs.WindowsPathParser.parse(WindowsPathParser.java:77)
  java.base@17.0.6/sun.nio.fs.WindowsPath.parse(WindowsPath.java:92)
  java.base@17.0.6/sun.nio.fs.WindowsFileSystem.getPath(WindowsFileSystem.java:232)
  java.base@17.0.6/java.nio.file.Path.of(Path.java:147)
  java.base@17.0.6/java.nio.file.Paths.get(Paths.java:69)
  os.PathConvertible$StringConvertible$.apply(Path.scala:604)
  os.PathConvertible$StringConvertible$.apply(Path.scala:604)
  os.FilePath$.f$2(Path.scala:290)
  os.FilePath$.apply(Path.scala:292)
  os.Path$.apply(Path.scala:453)
  scala.build.input.Inputs$.path$lzyINIT1$1(Inputs.scala:235)
  scala.build.input.Inputs$.path$1(Inputs.scala:235)
  scala.build.input.Inputs$.validateArgs$$anonfun$1(Inputs.scala:276)
  scala.collection.immutable.List.map(List.scala:251)
  scala.collection.immutable.List.map(List.scala:79)
  scala.build.input.Inputs$.validateArgs(Inputs.scala:233)
  scala.build.input.Inputs$.forNonEmptyArgs(Inputs.scala:342)
  scala.build.input.Inputs$.apply(Inputs.scala:460)
  scala.cli.commands.shared.SharedOptions$.inputs(SharedOptions.scala:727)
  scala.cli.commands.shared.SharedOptions.inputs(SharedOptions.scala:642)
  scala.cli.commands.run.Run$.runCommand(Run.scala:147)
  scala.cli.commands.default.Default.runCommand(Default.scala:69)
  scala.cli.commands.default.Default.runCommand(Default.scala:40)
  scala.cli.commands.ScalaCommand.run(ScalaCommand.scala:401)
  scala.cli.commands.ScalaCommand.run(ScalaCommand.scala:382)
  caseapp.core.app.CaseApp.main(CaseApp.scala:166)
  scala.cli.commands.ScalaCommand.main(ScalaCommand.scala:367)
  caseapp.core.app.CommandsEntryPoint.main(CommandsEntryPoint.scala:370)
  scala.cli.ScalaCliCommands.main(ScalaCliCommands.scala:125)
  scala.cli.ScalaCli$.main0(ScalaCli.scala:320)
  scala.cli.ScalaCli$.main(ScalaCli.scala:124)
  scala.cli.ScalaCli.main(ScalaCli.scala)
